<?xml version="1.0" encoding="UTF-8"?>
<testng-results skipped="0" failed="1" total="1" passed="0">
  <reporter-output>
    <line>
      <![CDATA[Browse Coupons is clicked ]]>
    </line>
    <line>
      <![CDATA[Product Deals is clicked ]]>
    </line>
    <line>
      <![CDATA[Electronics is clicked ]]>
    </line>
    <line>
      <![CDATA[Home Page is clicked ]]>
    </line>
    <line>
      <![CDATA[Get Code is clicked ]]>
    </line>
    <line>
      <![CDATA[Browse Coupons is clicked ]]>
    </line>
    <line>
      <![CDATA[Product Deals is clicked ]]>
    </line>
    <line>
      <![CDATA[Travel is clicked ]]>
    </line>
    <line>
      <![CDATA[Home Page is clicked ]]>
    </line>
    <line>
      <![CDATA[Get Code is clicked ]]>
    </line>
    <line>
      <![CDATA[Browse Coupons is clicked ]]>
    </line>
    <line>
      <![CDATA[Product Deals is clicked ]]>
    </line>
    <line>
      <![CDATA[Accessories is clicked ]]>
    </line>
    <line>
      <![CDATA[Home Page is clicked ]]>
    </line>
    <line>
      <![CDATA[Get Code is clicked ]]>
    </line>
    <line>
      <![CDATA[Browse Coupons is clicked ]]>
    </line>
    <line>
      <![CDATA[Gift Card Deals is clicked ]]>
    </line>
    <line>
      <![CDATA[Home Page is clicked ]]>
    </line>
    <line>
      <![CDATA[Get Code is clicked ]]>
    </line>
    <line>
      <![CDATA[Browse Coupons is clicked ]]>
    </line>
    <line>
      <![CDATA[Deal Squad is clicked ]]>
    </line>
  </reporter-output>
  <suite name="Default suite" duration-ms="187202" started-at="2016-08-14T20:22:43Z" finished-at="2016-08-14T20:25:50Z">
    <groups>
    </groups>
    <test name="Default test" duration-ms="187202" started-at="2016-08-14T20:22:43Z" finished-at="2016-08-14T20:25:50Z">
      <class name="com.retail.test.Test_Retail">
        <test-method status="PASS" signature="launchURL()[pri:0, instance:com.retail.test.Test_Retail@3108bc]" name="launchURL" is-config="true" duration-ms="15160" started-at="2016-08-14T16:22:43Z" finished-at="2016-08-14T16:22:58Z">
          <reporter-output>
          </reporter-output>
        </test-method> <!-- launchURL -->
        <test-method status="FAIL" signature="testRetailmenot(org.testng.ITestContext)[pri:0, instance:com.retail.test.Test_Retail@3108bc]" name="testRetailmenot" duration-ms="172015" started-at="2016-08-14T16:22:58Z" finished-at="2016-08-14T16:25:50Z">
          <params>
            <param index="0">
              <value>
                <![CDATA[org.testng.TestRunner@6c372fe6]]>
              </value>
            </param>
          </params>
          <exception class="java.lang.AssertionError">
            <message>
              <![CDATA[Page title of Dealsquad is not matching expected [Deal Squad ™ by RetailMeNot] but found [Deal Squad &trade; by RetailMeNot]]]>
            </message>
            <full-stacktrace>
              <![CDATA[java.lang.AssertionError: Page title of Dealsquad is not matching expected [Deal Squad ™ by RetailMeNot] but found [Deal Squad &trade; by RetailMeNot]
	at org.testng.Assert.fail(Assert.java:94)
	at org.testng.Assert.failNotEquals(Assert.java:496)
	at org.testng.Assert.assertEquals(Assert.java:125)
	at org.testng.Assert.assertEquals(Assert.java:178)
	at Retailmenot.pageobjects.TestCaseFunctions.Browsecoupons(TestCaseFunctions.java:46)
	at com.retail.test.Test_Retail.testRetailmenot(Test_Retail.java:31)
	at sun.reflect.NativeMethodAccessorImpl.invoke0(Native Method)
	at sun.reflect.NativeMethodAccessorImpl.invoke(Unknown Source)
	at sun.reflect.DelegatingMethodAccessorImpl.invoke(Unknown Source)
	at java.lang.reflect.Method.invoke(Unknown Source)
	at org.testng.internal.MethodInvocationHelper.invokeMethod(MethodInvocationHelper.java:85)
	at org.testng.internal.Invoker.invokeMethod(Invoker.java:639)
	at org.testng.internal.Invoker.invokeTestMethod(Invoker.java:821)
	at org.testng.internal.Invoker.invokeTestMethods(Invoker.java:1131)
	at org.testng.internal.TestMethodWorker.invokeTestMethods(TestMethodWorker.java:124)
	at org.testng.internal.TestMethodWorker.run(TestMethodWorker.java:108)
	at org.testng.TestRunner.privateRun(TestRunner.java:773)
	at org.testng.TestRunner.run(TestRunner.java:623)
	at org.testng.SuiteRunner.runTest(SuiteRunner.java:357)
	at org.testng.SuiteRunner.runSequentially(SuiteRunner.java:352)
	at org.testng.SuiteRunner.privateRun(SuiteRunner.java:310)
	at org.testng.SuiteRunner.run(SuiteRunner.java:259)
	at org.testng.SuiteRunnerWorker.runSuite(SuiteRunnerWorker.java:52)
	at org.testng.SuiteRunnerWorker.run(SuiteRunnerWorker.java:86)
	at org.testng.TestNG.runSuitesSequentially(TestNG.java:1185)
	at org.testng.TestNG.runSuitesLocally(TestNG.java:1110)
	at org.testng.TestNG.run(TestNG.java:1018)
	at org.testng.remote.AbstractRemoteTestNG.run(AbstractRemoteTestNG.java:126)
	at org.testng.remote.RemoteTestNG.initAndRun(RemoteTestNG.java:152)
	at org.testng.remote.RemoteTestNG.main(RemoteTestNG.java:57)
]]>
            </full-stacktrace>
          </exception> <!-- java.lang.AssertionError -->
          <reporter-output>
            <line>
              <![CDATA[Browse Coupons is clicked ]]>
            </line>
            <line>
              <![CDATA[Product Deals is clicked ]]>
            </line>
            <line>
              <![CDATA[Electronics is clicked ]]>
            </line>
            <line>
              <![CDATA[Home Page is clicked ]]>
            </line>
            <line>
              <![CDATA[Get Code is clicked ]]>
            </line>
            <line>
              <![CDATA[Browse Coupons is clicked ]]>
            </line>
            <line>
              <![CDATA[Product Deals is clicked ]]>
            </line>
            <line>
              <![CDATA[Travel is clicked ]]>
            </line>
            <line>
              <![CDATA[Home Page is clicked ]]>
            </line>
            <line>
              <![CDATA[Get Code is clicked ]]>
            </line>
            <line>
              <![CDATA[Browse Coupons is clicked ]]>
            </line>
            <line>
              <![CDATA[Product Deals is clicked ]]>
            </line>
            <line>
              <![CDATA[Accessories is clicked ]]>
            </line>
            <line>
              <![CDATA[Home Page is clicked ]]>
            </line>
            <line>
              <![CDATA[Get Code is clicked ]]>
            </line>
            <line>
              <![CDATA[Browse Coupons is clicked ]]>
            </line>
            <line>
              <![CDATA[Gift Card Deals is clicked ]]>
            </line>
            <line>
              <![CDATA[Home Page is clicked ]]>
            </line>
            <line>
              <![CDATA[Get Code is clicked ]]>
            </line>
            <line>
              <![CDATA[Browse Coupons is clicked ]]>
            </line>
            <line>
              <![CDATA[Deal Squad is clicked ]]>
            </line>
          </reporter-output>
        </test-method> <!-- testRetailmenot -->
        <test-method status="PASS" signature="tearDown()[pri:0, instance:com.retail.test.Test_Retail@3108bc]" name="tearDown" is-config="true" duration-ms="3306" started-at="2016-08-14T16:25:51Z" finished-at="2016-08-14T16:25:54Z">
          <reporter-output>
          </reporter-output>
        </test-method> <!-- tearDown -->
      </class> <!-- com.retail.test.Test_Retail -->
    </test> <!-- Default test -->
  </suite> <!-- Default suite -->
</testng-results>
